<?xml version="1.0" encoding="UTF-8"?>
<testsuite name="org.example.AvionTest" tests="1" skipped="0" failures="0" errors="0" timestamp="2024-05-26T19:48:26" hostname="DESKTOP-8VPB2PB" time="0.001">
  <properties/>
  <testcase name="testGetConsumoCombustible()" classname="org.example.AvionTest" time="0.001"/>
  <system-out><![CDATA[]]></system-out>
  <system-err><![CDATA[]]></system-err>
</testsuite>
