<?xml version="1.0" encoding="UTF-8"?>
<testsuite name="org.example.AvionComercialTest" tests="1" skipped="0" failures="0" errors="0" timestamp="2024-05-26T19:48:25" hostname="DESKTOP-8VPB2PB" time="0.024">
  <properties/>
  <testcase name="VolarConDistancia50YConsumo2CalculaCombustible()" classname="org.example.AvionComercialTest" time="0.024"/>
  <system-out><![CDATA[]]></system-out>
  <system-err><![CDATA[]]></system-err>
</testsuite>
