<?xml version="1.0" encoding="UTF-8"?>
<testsuite name="org.example.MainTest" tests="1" skipped="0" failures="0" errors="0" timestamp="2024-05-29T02:40:38" hostname="LAUTARO" time="0.012">
  <properties/>
  <testcase name="testMain()" classname="org.example.MainTest" time="0.012"/>
  <system-out><![CDATA[]]></system-out>
  <system-err><![CDATA[]]></system-err>
</testsuite>
