<?xml version="1.0" encoding="UTF-8"?>
<testsuite name="org.example.AvionTest" tests="1" skipped="0" failures="0" errors="0" timestamp="2024-05-29T02:40:37" hostname="LAUTARO" time="0.002">
  <properties/>
  <testcase name="testGetConsumoCombustible()" classname="org.example.AvionTest" time="0.002"/>
  <system-out><![CDATA[]]></system-out>
  <system-err><![CDATA[]]></system-err>
</testsuite>
