<?xml version="1.0" encoding="UTF-8"?>
<testsuite name="org.example.CalculadorCombustibleTest" tests="3" skipped="0" failures="0" errors="0" timestamp="2024-05-31T05:25:33" hostname="LAUTARO" time="1.276">
  <properties/>
  <testcase name="testGetInstance_singleton()" classname="org.example.CalculadorCombustibleTest" time="0.006"/>
  <testcase name="testGetInstance_notNull()" classname="org.example.CalculadorCombustibleTest" time="0.003"/>
  <testcase name="calcularCombustible()" classname="org.example.CalculadorCombustibleTest" time="1.263"/>
  <system-out><![CDATA[]]></system-out>
  <system-err><![CDATA[]]></system-err>
</testsuite>
