<?xml version="1.0" encoding="UTF-8"?>
<testsuite name="org.example.MainTest" tests="1" skipped="0" failures="0" errors="0" timestamp="2024-05-31T05:25:35" hostname="LAUTARO" time="0.013">
  <properties/>
  <testcase name="testMain()" classname="org.example.MainTest" time="0.013"/>
  <system-out><![CDATA[]]></system-out>
  <system-err><![CDATA[]]></system-err>
</testsuite>
